<?xml version="1.0" encoding="UTF-8"?>
<testng-results skipped="0" failed="0" total="1" passed="1">
  <reporter-output>
  </reporter-output>
  <suite name="Julybatch" duration-ms="69849" started-at="2016-10-07T15:46:35Z" finished-at="2016-10-07T15:47:45Z">
    <groups>
      <group name="smoke">
        <method signature="Scenario_Search.testInvalidSearch(java.lang.String, java.lang.String, java.lang.String, java.lang.String)[pri:0, instance:Scenario_Component.Scenario_Search@79be0360]" name="testInvalidSearch" class="Scenario_Component.Scenario_Search"/>
      </group> <!-- smoke -->
    </groups>
    <test name="RegSet1" duration-ms="69849" started-at="2016-10-07T15:46:35Z" finished-at="2016-10-07T15:47:45Z">
      <class name="Scenario_Component.Scenario_Search">
        <test-method status="PASS" signature="testInvalidSearch(java.lang.String, java.lang.String, java.lang.String, java.lang.String)[pri:0, instance:Scenario_Component.Scenario_Search@79be0360]" name="testInvalidSearch" duration-ms="69616" started-at="2016-10-07T21:16:35Z" data-provider="dp_InvalidSearch" finished-at="2016-10-07T21:17:45Z">
          <params>
            <param index="0">
              <value>
                <![CDATA[GB_01]]>
              </value>
            </param>
            <param index="1">
              <value>
                <![CDATA[1.0]]>
              </value>
            </param>
            <param index="2">
              <value>
                <![CDATA[ghghhghg]]>
              </value>
            </param>
            <param index="3">
              <value>
                <![CDATA[Sorry! There are no products to display.]]>
              </value>
            </param>
          </params>
          <reporter-output>
          </reporter-output>
        </test-method> <!-- testInvalidSearch -->
      </class> <!-- Scenario_Component.Scenario_Search -->
    </test> <!-- RegSet1 -->
  </suite> <!-- Julybatch -->
</testng-results>
